<?xml version="1.0" encoding="UTF-8"?>
<robot generator="Robot 4.1.3 (Python 3.11.0a5 on darwin)" generated="20220327 01:44:33.338" rpa="false" schemaversion="2">
<suite id="s1" name="Tests" source="/Users/feliciaauthersthol/PycharmProjects/AutoLabb2/Tests">
<suite id="s1-s1" name="Webtest" source="/Users/feliciaauthersthol/PycharmProjects/AutoLabb2/Tests/webtest.robot">
<kw name="Begin Web Test" library="keywords" type="SETUP">
<kw name="Open Browser" library="SeleniumLibrary">
<arg>about:blank</arg>
<arg>${BROWSER}</arg>
<doc>Opens a new browser instance to the optional ``url``.</doc>
<msg timestamp="20220327 01:44:33.430" level="INFO">Opening browser 'headlesschrome' to base url 'about:blank'.</msg>
<status status="PASS" starttime="20220327 01:44:33.430" endtime="20220327 01:44:34.904"/>
</kw>
<kw name="Maximize Browser Window" library="SeleniumLibrary">
<doc>Maximizes current browser window.</doc>
<status status="PASS" starttime="20220327 01:44:34.904" endtime="20220327 01:44:35.009"/>
</kw>
<status status="PASS" starttime="20220327 01:44:33.430" endtime="20220327 01:44:35.009"/>
</kw>
<test id="s1-s1-t1" name="User Can Click On Logo And Divert To Start Page">
<kw name="Go To Web Page" library="keywords">
<kw name="Load Page" library="keywords">
<kw name="Go To" library="SeleniumLibrary">
<arg>${URL}</arg>
<doc>Navigates the current browser window to the provided ``url``.</doc>
<msg timestamp="20220327 01:44:35.010" level="INFO">Opening url 'http://rental13.infotiv.net/webpage/html/gui/index.php'</msg>
<status status="PASS" starttime="20220327 01:44:35.010" endtime="20220327 01:44:35.271"/>
</kw>
<status status="PASS" starttime="20220327 01:44:35.010" endtime="20220327 01:44:35.271"/>
</kw>
<kw name="Verify Page Loaded" library="keywords">
<kw name="Wait Until Page Contains" library="SeleniumLibrary">
<arg>Infotiv Car Rental</arg>
<doc>Waits until ``text`` appears on the current page.</doc>
<status status="PASS" starttime="20220327 01:44:35.271" endtime="20220327 01:44:35.281"/>
</kw>
<status status="PASS" starttime="20220327 01:44:35.271" endtime="20220327 01:44:35.281"/>
</kw>
<status status="PASS" starttime="20220327 01:44:35.010" endtime="20220327 01:44:35.282"/>
</kw>
<kw name="Click On Logo" library="keywords">
<kw name="Click Element" library="SeleniumLibrary">
<arg>//*[@id="logo"]</arg>
<doc>Click the element identified by ``locator``.</doc>
<msg timestamp="20220327 01:44:35.282" level="INFO">Clicking element '//*[@id="logo"]'.</msg>
<status status="PASS" starttime="20220327 01:44:35.282" endtime="20220327 01:44:35.384"/>
</kw>
<status status="PASS" starttime="20220327 01:44:35.282" endtime="20220327 01:44:35.384"/>
</kw>
<kw name="Verify Current URL is startpage" library="keywords">
<kw name="Location Should Be" library="SeleniumLibrary">
<arg>${URL}</arg>
<doc>Verifies that the current URL is exactly ``url``.</doc>
<msg timestamp="20220327 01:44:35.386" level="INFO">Current location is 'http://rental13.infotiv.net/webpage/html/gui/index.php'.</msg>
<status status="PASS" starttime="20220327 01:44:35.384" endtime="20220327 01:44:35.386"/>
</kw>
<status status="PASS" starttime="20220327 01:44:35.384" endtime="20220327 01:44:35.386"/>
</kw>
<doc>This test case verifies the logo are clickable and will take user to the start page.</doc>
<tag>Header</tag>
<status status="PASS" starttime="20220327 01:44:35.009" endtime="20220327 01:44:35.386"/>
</test>
<test id="s1-s1-t2" name="User Can Click Logo On Booking Page And Divert To Start Page">
<kw name="Verify On Booking Page" library="keywords">
<kw name="Location Should Be" library="SeleniumLibrary">
<arg>${URLBOOKING}</arg>
<doc>Verifies that the current URL is exactly ``url``.</doc>
<msg timestamp="20220327 01:44:35.388" level="INFO">Current location is 'http://rental13.infotiv.net/webpage/html/gui/index.php'.</msg>
<status status="PASS" starttime="20220327 01:44:35.387" endtime="20220327 01:44:35.388"/>
</kw>
<status status="PASS" starttime="20220327 01:44:35.386" endtime="20220327 01:44:35.388"/>
</kw>
<kw name="Click On Logo" library="keywords">
<kw name="Click Element" library="SeleniumLibrary">
<arg>//*[@id="logo"]</arg>
<doc>Click the element identified by ``locator``.</doc>
<msg timestamp="20220327 01:44:35.388" level="INFO">Clicking element '//*[@id="logo"]'.</msg>
<status status="PASS" starttime="20220327 01:44:35.388" endtime="20220327 01:44:35.436"/>
</kw>
<status status="PASS" starttime="20220327 01:44:35.388" endtime="20220327 01:44:35.436"/>
</kw>
<kw name="Verify Current URL is startpage" library="keywords">
<kw name="Location Should Be" library="SeleniumLibrary">
<arg>${URL}</arg>
<doc>Verifies that the current URL is exactly ``url``.</doc>
<msg timestamp="20220327 01:44:35.438" level="INFO">Current location is 'http://rental13.infotiv.net/webpage/html/gui/index.php'.</msg>
<status status="PASS" starttime="20220327 01:44:35.437" endtime="20220327 01:44:35.438"/>
</kw>
<status status="PASS" starttime="20220327 01:44:35.436" endtime="20220327 01:44:35.438"/>
</kw>
<doc>This test case verifies the logo are clickable and will take user to the start page.</doc>
<tag>Header</tag>
<status status="PASS" starttime="20220327 01:44:35.386" endtime="20220327 01:44:35.438"/>
</test>
<test id="s1-s1-t3" name="User Can Click Logo Confirm Booking Page And Divert To Start Page">
<kw name="Verify On Confirm Booking Page" library="keywords">
<kw name="Go To" library="SeleniumLibrary">
<arg>${URLCONFIRMBOOKING}</arg>
<doc>Navigates the current browser window to the provided ``url``.</doc>
<msg timestamp="20220327 01:44:35.439" level="INFO">Opening url 'http://rental13.infotiv.net/webpage/html/gui/confirmBook.php'</msg>
<status status="PASS" starttime="20220327 01:44:35.439" endtime="20220327 01:44:35.479"/>
</kw>
<status status="PASS" starttime="20220327 01:44:35.439" endtime="20220327 01:44:35.479"/>
</kw>
<kw name="Click On Logo" library="keywords">
<kw name="Click Element" library="SeleniumLibrary">
<arg>//*[@id="logo"]</arg>
<doc>Click the element identified by ``locator``.</doc>
<msg timestamp="20220327 01:44:35.479" level="INFO">Clicking element '//*[@id="logo"]'.</msg>
<status status="PASS" starttime="20220327 01:44:35.479" endtime="20220327 01:44:35.535"/>
</kw>
<status status="PASS" starttime="20220327 01:44:35.479" endtime="20220327 01:44:35.535"/>
</kw>
<kw name="Verify Current URL is startpage" library="keywords">
<kw name="Location Should Be" library="SeleniumLibrary">
<arg>${URL}</arg>
<doc>Verifies that the current URL is exactly ``url``.</doc>
<msg timestamp="20220327 01:44:35.537" level="INFO">Current location is 'http://rental13.infotiv.net/webpage/html/gui/index.php'.</msg>
<status status="PASS" starttime="20220327 01:44:35.536" endtime="20220327 01:44:35.537"/>
</kw>
<status status="PASS" starttime="20220327 01:44:35.536" endtime="20220327 01:44:35.538"/>
</kw>
<doc>This test case verifies the logo are clickable and will take user to the start page.</doc>
<tag>Header</tag>
<status status="PASS" starttime="20220327 01:44:35.439" endtime="20220327 01:44:35.538"/>
</test>
<test id="s1-s1-t4" name="User Can Click Logo On Show Car Page And Divert To Start Page">
<kw name="Verify On Show Car Page" library="keywords">
<kw name="Go To" library="SeleniumLibrary">
<arg>${URLSHOWCAR}</arg>
<doc>Navigates the current browser window to the provided ``url``.</doc>
<msg timestamp="20220327 01:44:35.538" level="INFO">Opening url 'http://rental13.infotiv.net/webpage/html/gui/showCars.php'</msg>
<status status="PASS" starttime="20220327 01:44:35.538" endtime="20220327 01:44:35.672"/>
</kw>
<status status="PASS" starttime="20220327 01:44:35.538" endtime="20220327 01:44:35.672"/>
</kw>
<kw name="Click On Logo" library="keywords">
<kw name="Click Element" library="SeleniumLibrary">
<arg>//*[@id="logo"]</arg>
<doc>Click the element identified by ``locator``.</doc>
<msg timestamp="20220327 01:44:35.673" level="INFO">Clicking element '//*[@id="logo"]'.</msg>
<status status="PASS" starttime="20220327 01:44:35.672" endtime="20220327 01:44:35.727"/>
</kw>
<status status="PASS" starttime="20220327 01:44:35.672" endtime="20220327 01:44:35.727"/>
</kw>
<kw name="Verify Current URL is startpage" library="keywords">
<kw name="Location Should Be" library="SeleniumLibrary">
<arg>${URL}</arg>
<doc>Verifies that the current URL is exactly ``url``.</doc>
<msg timestamp="20220327 01:44:35.729" level="INFO">Current location is 'http://rental13.infotiv.net/webpage/html/gui/index.php'.</msg>
<status status="PASS" starttime="20220327 01:44:35.727" endtime="20220327 01:44:35.729"/>
</kw>
<status status="PASS" starttime="20220327 01:44:35.727" endtime="20220327 01:44:35.729"/>
</kw>
<doc>This test case verifies the logo are clickable and will take user to the start page.</doc>
<tag>Header</tag>
<status status="PASS" starttime="20220327 01:44:35.538" endtime="20220327 01:44:35.729"/>
</test>
<test id="s1-s1-t5" name="User Can Click Logo On MyPage And Divert To Start Page">
<kw name="Verify On MyPage" library="keywords">
<kw name="Go To" library="SeleniumLibrary">
<arg>${URLMYPAGE}</arg>
<doc>Navigates the current browser window to the provided ``url``.</doc>
<msg timestamp="20220327 01:44:35.730" level="INFO">Opening url 'http://rental13.infotiv.net/webpage/html/gui/myPage.php'</msg>
<status status="PASS" starttime="20220327 01:44:35.730" endtime="20220327 01:44:35.775"/>
</kw>
<status status="PASS" starttime="20220327 01:44:35.730" endtime="20220327 01:44:35.775"/>
</kw>
<kw name="Click On Logo" library="keywords">
<kw name="Click Element" library="SeleniumLibrary">
<arg>//*[@id="logo"]</arg>
<doc>Click the element identified by ``locator``.</doc>
<msg timestamp="20220327 01:44:35.775" level="INFO">Clicking element '//*[@id="logo"]'.</msg>
<status status="PASS" starttime="20220327 01:44:35.775" endtime="20220327 01:44:35.822"/>
</kw>
<status status="PASS" starttime="20220327 01:44:35.775" endtime="20220327 01:44:35.822"/>
</kw>
<kw name="Verify Current URL is startpage" library="keywords">
<kw name="Location Should Be" library="SeleniumLibrary">
<arg>${URL}</arg>
<doc>Verifies that the current URL is exactly ``url``.</doc>
<msg timestamp="20220327 01:44:35.824" level="INFO">Current location is 'http://rental13.infotiv.net/webpage/html/gui/index.php'.</msg>
<status status="PASS" starttime="20220327 01:44:35.822" endtime="20220327 01:44:35.824"/>
</kw>
<status status="PASS" starttime="20220327 01:44:35.822" endtime="20220327 01:44:35.824"/>
</kw>
<doc>This test case verifies the logo are clickable and will take user to the start page.</doc>
<tag>Header</tag>
<status status="PASS" starttime="20220327 01:44:35.730" endtime="20220327 01:44:35.824"/>
</test>
<test id="s1-s1-t6" name="User Can Click On Title And Divert To Start Page">
<kw name="Go To Web Page" library="keywords">
<kw name="Load Page" library="keywords">
<kw name="Go To" library="SeleniumLibrary">
<arg>${URL}</arg>
<doc>Navigates the current browser window to the provided ``url``.</doc>
<msg timestamp="20220327 01:44:35.824" level="INFO">Opening url 'http://rental13.infotiv.net/webpage/html/gui/index.php'</msg>
<status status="PASS" starttime="20220327 01:44:35.824" endtime="20220327 01:44:35.862"/>
</kw>
<status status="PASS" starttime="20220327 01:44:35.824" endtime="20220327 01:44:35.862"/>
</kw>
<kw name="Verify Page Loaded" library="keywords">
<kw name="Wait Until Page Contains" library="SeleniumLibrary">
<arg>Infotiv Car Rental</arg>
<doc>Waits until ``text`` appears on the current page.</doc>
<status status="PASS" starttime="20220327 01:44:35.863" endtime="20220327 01:44:35.868"/>
</kw>
<status status="PASS" starttime="20220327 01:44:35.862" endtime="20220327 01:44:35.868"/>
</kw>
<status status="PASS" starttime="20220327 01:44:35.824" endtime="20220327 01:44:35.868"/>
</kw>
<kw name="Click On Title" library="keywords">
<kw name="Click Element" library="SeleniumLibrary">
<arg>//*[@id="title"]</arg>
<doc>Click the element identified by ``locator``.</doc>
<msg timestamp="20220327 01:44:35.868" level="INFO">Clicking element '//*[@id="title"]'.</msg>
<status status="PASS" starttime="20220327 01:44:35.868" endtime="20220327 01:44:35.919"/>
</kw>
<status status="PASS" starttime="20220327 01:44:35.868" endtime="20220327 01:44:35.919"/>
</kw>
<kw name="Verify Current URL is startpage" library="keywords">
<kw name="Location Should Be" library="SeleniumLibrary">
<arg>${URL}</arg>
<doc>Verifies that the current URL is exactly ``url``.</doc>
<msg timestamp="20220327 01:44:35.921" level="INFO">Current location is 'http://rental13.infotiv.net/webpage/html/gui/index.php'.</msg>
<status status="PASS" starttime="20220327 01:44:35.920" endtime="20220327 01:44:35.921"/>
</kw>
<status status="PASS" starttime="20220327 01:44:35.920" endtime="20220327 01:44:35.921"/>
</kw>
<doc>This test case verifies the title are clickable and will take user to the start page.</doc>
<tag>Header</tag>
<status status="PASS" starttime="20220327 01:44:35.824" endtime="20220327 01:44:35.921"/>
</test>
<test id="s1-s1-t7" name="User Can Click Title On Booking Page And Divert To Start Page">
<kw name="Verify On Booking Page" library="keywords">
<kw name="Location Should Be" library="SeleniumLibrary">
<arg>${URLBOOKING}</arg>
<doc>Verifies that the current URL is exactly ``url``.</doc>
<msg timestamp="20220327 01:44:35.923" level="INFO">Current location is 'http://rental13.infotiv.net/webpage/html/gui/index.php'.</msg>
<status status="PASS" starttime="20220327 01:44:35.922" endtime="20220327 01:44:35.923"/>
</kw>
<status status="PASS" starttime="20220327 01:44:35.922" endtime="20220327 01:44:35.923"/>
</kw>
<kw name="Click On Title" library="keywords">
<kw name="Click Element" library="SeleniumLibrary">
<arg>//*[@id="title"]</arg>
<doc>Click the element identified by ``locator``.</doc>
<msg timestamp="20220327 01:44:35.923" level="INFO">Clicking element '//*[@id="title"]'.</msg>
<status status="PASS" starttime="20220327 01:44:35.923" endtime="20220327 01:44:35.968"/>
</kw>
<status status="PASS" starttime="20220327 01:44:35.923" endtime="20220327 01:44:35.968"/>
</kw>
<kw name="Verify Current URL is startpage" library="keywords">
<kw name="Location Should Be" library="SeleniumLibrary">
<arg>${URL}</arg>
<doc>Verifies that the current URL is exactly ``url``.</doc>
<msg timestamp="20220327 01:44:35.970" level="INFO">Current location is 'http://rental13.infotiv.net/webpage/html/gui/index.php'.</msg>
<status status="PASS" starttime="20220327 01:44:35.969" endtime="20220327 01:44:35.970"/>
</kw>
<status status="PASS" starttime="20220327 01:44:35.969" endtime="20220327 01:44:35.970"/>
</kw>
<doc>This test case verifies the logo are clickable and will take user to the start page.</doc>
<tag>Header</tag>
<status status="PASS" starttime="20220327 01:44:35.921" endtime="20220327 01:44:35.970"/>
</test>
<test id="s1-s1-t8" name="User Can Click Title Confirm Booking Page And Divert To Start Page">
<kw name="Verify On Confirm Booking Page" library="keywords">
<kw name="Go To" library="SeleniumLibrary">
<arg>${URLCONFIRMBOOKING}</arg>
<doc>Navigates the current browser window to the provided ``url``.</doc>
<msg timestamp="20220327 01:44:35.971" level="INFO">Opening url 'http://rental13.infotiv.net/webpage/html/gui/confirmBook.php'</msg>
<status status="PASS" starttime="20220327 01:44:35.971" endtime="20220327 01:44:36.000"/>
</kw>
<status status="PASS" starttime="20220327 01:44:35.971" endtime="20220327 01:44:36.000"/>
</kw>
<kw name="Click On Title" library="keywords">
<kw name="Click Element" library="SeleniumLibrary">
<arg>//*[@id="title"]</arg>
<doc>Click the element identified by ``locator``.</doc>
<msg timestamp="20220327 01:44:36.000" level="INFO">Clicking element '//*[@id="title"]'.</msg>
<status status="PASS" starttime="20220327 01:44:36.000" endtime="20220327 01:44:36.071"/>
</kw>
<status status="PASS" starttime="20220327 01:44:36.000" endtime="20220327 01:44:36.071"/>
</kw>
<kw name="Verify Current URL is startpage" library="keywords">
<kw name="Location Should Be" library="SeleniumLibrary">
<arg>${URL}</arg>
<doc>Verifies that the current URL is exactly ``url``.</doc>
<msg timestamp="20220327 01:44:36.073" level="INFO">Current location is 'http://rental13.infotiv.net/webpage/html/gui/index.php'.</msg>
<status status="PASS" starttime="20220327 01:44:36.071" endtime="20220327 01:44:36.073"/>
</kw>
<status status="PASS" starttime="20220327 01:44:36.071" endtime="20220327 01:44:36.073"/>
</kw>
<doc>This test case verifies the logo are clickable and will take user to the start page.</doc>
<tag>Header</tag>
<status status="PASS" starttime="20220327 01:44:35.970" endtime="20220327 01:44:36.074"/>
</test>
<test id="s1-s1-t9" name="User Can Click Title On Show Car Page And Divert To Start Page">
<kw name="Verify On Show Car Page" library="keywords">
<kw name="Go To" library="SeleniumLibrary">
<arg>${URLSHOWCAR}</arg>
<doc>Navigates the current browser window to the provided ``url``.</doc>
<msg timestamp="20220327 01:44:36.074" level="INFO">Opening url 'http://rental13.infotiv.net/webpage/html/gui/showCars.php'</msg>
<status status="PASS" starttime="20220327 01:44:36.074" endtime="20220327 01:44:36.118"/>
</kw>
<status status="PASS" starttime="20220327 01:44:36.074" endtime="20220327 01:44:36.118"/>
</kw>
<kw name="Click On Title" library="keywords">
<kw name="Click Element" library="SeleniumLibrary">
<arg>//*[@id="title"]</arg>
<doc>Click the element identified by ``locator``.</doc>
<msg timestamp="20220327 01:44:36.118" level="INFO">Clicking element '//*[@id="title"]'.</msg>
<status status="PASS" starttime="20220327 01:44:36.118" endtime="20220327 01:44:36.167"/>
</kw>
<status status="PASS" starttime="20220327 01:44:36.118" endtime="20220327 01:44:36.167"/>
</kw>
<kw name="Verify Current URL is startpage" library="keywords">
<kw name="Location Should Be" library="SeleniumLibrary">
<arg>${URL}</arg>
<doc>Verifies that the current URL is exactly ``url``.</doc>
<msg timestamp="20220327 01:44:36.169" level="INFO">Current location is 'http://rental13.infotiv.net/webpage/html/gui/index.php'.</msg>
<status status="PASS" starttime="20220327 01:44:36.168" endtime="20220327 01:44:36.169"/>
</kw>
<status status="PASS" starttime="20220327 01:44:36.167" endtime="20220327 01:44:36.169"/>
</kw>
<doc>This test case verifies the logo are clickable and will take user to the start page.</doc>
<tag>Header</tag>
<status status="PASS" starttime="20220327 01:44:36.074" endtime="20220327 01:44:36.169"/>
</test>
<test id="s1-s1-t10" name="User Can Click Title On MyPage And Divert To Start Page">
<kw name="Verify On MyPage" library="keywords">
<kw name="Go To" library="SeleniumLibrary">
<arg>${URLMYPAGE}</arg>
<doc>Navigates the current browser window to the provided ``url``.</doc>
<msg timestamp="20220327 01:44:36.170" level="INFO">Opening url 'http://rental13.infotiv.net/webpage/html/gui/myPage.php'</msg>
<status status="PASS" starttime="20220327 01:44:36.170" endtime="20220327 01:44:36.200"/>
</kw>
<status status="PASS" starttime="20220327 01:44:36.170" endtime="20220327 01:44:36.200"/>
</kw>
<kw name="Click On Title" library="keywords">
<kw name="Click Element" library="SeleniumLibrary">
<arg>//*[@id="title"]</arg>
<doc>Click the element identified by ``locator``.</doc>
<msg timestamp="20220327 01:44:36.200" level="INFO">Clicking element '//*[@id="title"]'.</msg>
<status status="PASS" starttime="20220327 01:44:36.200" endtime="20220327 01:44:36.246"/>
</kw>
<status status="PASS" starttime="20220327 01:44:36.200" endtime="20220327 01:44:36.246"/>
</kw>
<kw name="Verify Current URL is startpage" library="keywords">
<kw name="Location Should Be" library="SeleniumLibrary">
<arg>${URL}</arg>
<doc>Verifies that the current URL is exactly ``url``.</doc>
<msg timestamp="20220327 01:44:36.249" level="INFO">Current location is 'http://rental13.infotiv.net/webpage/html/gui/index.php'.</msg>
<status status="PASS" starttime="20220327 01:44:36.247" endtime="20220327 01:44:36.249"/>
</kw>
<status status="PASS" starttime="20220327 01:44:36.246" endtime="20220327 01:44:36.249"/>
</kw>
<doc>This test case verifies the logo are clickable and will take user to the start page.</doc>
<tag>Header</tag>
<status status="PASS" starttime="20220327 01:44:36.169" endtime="20220327 01:44:36.249"/>
</test>
<test id="s1-s1-t11" name="Verify Start Date In Date Selection">
<kw name="Go To Web Page" library="keywords">
<kw name="Load Page" library="keywords">
<kw name="Go To" library="SeleniumLibrary">
<arg>${URL}</arg>
<doc>Navigates the current browser window to the provided ``url``.</doc>
<msg timestamp="20220327 01:44:36.249" level="INFO">Opening url 'http://rental13.infotiv.net/webpage/html/gui/index.php'</msg>
<status status="PASS" starttime="20220327 01:44:36.249" endtime="20220327 01:44:36.282"/>
</kw>
<status status="PASS" starttime="20220327 01:44:36.249" endtime="20220327 01:44:36.282"/>
</kw>
<kw name="Verify Page Loaded" library="keywords">
<kw name="Wait Until Page Contains" library="SeleniumLibrary">
<arg>Infotiv Car Rental</arg>
<doc>Waits until ``text`` appears on the current page.</doc>
<status status="PASS" starttime="20220327 01:44:36.282" endtime="20220327 01:44:36.286"/>
</kw>
<status status="PASS" starttime="20220327 01:44:36.282" endtime="20220327 01:44:36.286"/>
</kw>
<status status="PASS" starttime="20220327 01:44:36.249" endtime="20220327 01:44:36.286"/>
</kw>
<kw name="Verify Earliest Selectable Date Is Today" library="keywords">
<kw name="Get Current Date" library="DateTime">
<var>${CurrentDate}</var>
<arg>result_format=%Y-%m-%d</arg>
<doc>Returns current local or UTC time with an optional increment.</doc>
<msg timestamp="20220327 01:44:36.287" level="INFO">${CurrentDate} = 2022-03-27</msg>
<status status="PASS" starttime="20220327 01:44:36.287" endtime="20220327 01:44:36.287"/>
</kw>
<kw name="Get Element Attribute" library="SeleniumLibrary">
<var>${EarliestDate}</var>
<arg>id:start</arg>
<arg>min</arg>
<doc>Returns the value of ``attribute`` from the element ``locator``.</doc>
<msg timestamp="20220327 01:44:36.301" level="INFO">${EarliestDate} = 2022-03-27</msg>
<status status="PASS" starttime="20220327 01:44:36.287" endtime="20220327 01:44:36.301"/>
</kw>
<kw name="Should Be Equal" library="BuiltIn">
<arg>${CurrentDate}</arg>
<arg>${EarliestDate}</arg>
<doc>Fails if the given objects are unequal.</doc>
<status status="PASS" starttime="20220327 01:44:36.301" endtime="20220327 01:44:36.301"/>
</kw>
<kw name="Log" library="BuiltIn">
<arg>${EarliestDate}</arg>
<doc>Logs the given message with the given level.</doc>
<msg timestamp="20220327 01:44:36.301" level="INFO">2022-03-27</msg>
<status status="PASS" starttime="20220327 01:44:36.301" endtime="20220327 01:44:36.301"/>
</kw>
<status status="PASS" starttime="20220327 01:44:36.287" endtime="20220327 01:44:36.301"/>
</kw>
<doc>This test case verifies the start date on date selection</doc>
<tag>Date Selection</tag>
<status status="PASS" starttime="20220327 01:44:36.249" endtime="20220327 01:44:36.301"/>
</test>
<test id="s1-s1-t12" name="Verify Booking Flow For A login User">
<kw name="Given User Is On Start Page" library="keywords">
<kw name="Verify Current URL is startpage" library="keywords">
<kw name="Location Should Be" library="SeleniumLibrary">
<arg>${URL}</arg>
<doc>Verifies that the current URL is exactly ``url``.</doc>
<msg timestamp="20220327 01:44:36.303" level="INFO">Current location is 'http://rental13.infotiv.net/webpage/html/gui/index.php'.</msg>
<status status="PASS" starttime="20220327 01:44:36.302" endtime="20220327 01:44:36.303"/>
</kw>
<status status="PASS" starttime="20220327 01:44:36.302" endtime="20220327 01:44:36.304"/>
</kw>
<kw name="Verify Login Possibility" library="keywords">
<kw name="Page Should Contain Button" library="SeleniumLibrary">
<arg>//*[@id="login"]</arg>
<doc>Verifies button ``locator`` is found from current page.</doc>
<msg timestamp="20220327 01:44:36.316" level="INFO">Current page contains button '//*[@id="login"]'.</msg>
<status status="PASS" starttime="20220327 01:44:36.304" endtime="20220327 01:44:36.316"/>
</kw>
<status status="PASS" starttime="20220327 01:44:36.304" endtime="20220327 01:44:36.316"/>
</kw>
<status status="PASS" starttime="20220327 01:44:36.302" endtime="20220327 01:44:36.316"/>
</kw>
<kw name="When User Login With Credential" library="keywords">
<kw name="Input Text" library="SeleniumLibrary">
<arg>id:email</arg>
<arg>${USER}</arg>
<doc>Types the given ``text`` into the text field identified by ``locator``.</doc>
<msg timestamp="20220327 01:44:36.316" level="INFO">Typing text 'tester@test.com' into text field 'id:email'.</msg>
<status status="PASS" starttime="20220327 01:44:36.316" endtime="20220327 01:44:36.377"/>
</kw>
<kw name="Input Text" library="SeleniumLibrary">
<arg>id:password</arg>
<arg>${PASSWORD}</arg>
<doc>Types the given ``text`` into the text field identified by ``locator``.</doc>
<msg timestamp="20220327 01:44:36.377" level="INFO">Typing text 'testing123' into text field 'id:password'.</msg>
<status status="PASS" starttime="20220327 01:44:36.377" endtime="20220327 01:44:36.408"/>
</kw>
<kw name="Click Button" library="SeleniumLibrary">
<arg>//*[@id="login"]</arg>
<doc>Clicks the button identified by ``locator``.</doc>
<msg timestamp="20220327 01:44:36.408" level="INFO">Clicking button '//*[@id="login"]'.</msg>
<status status="PASS" starttime="20220327 01:44:36.408" endtime="20220327 01:44:36.565"/>
</kw>
<kw name="Verify Successful Login" library="keywords">
<kw name="Page Should Contain Button" library="SeleniumLibrary">
<arg>//*[@id="logout"]</arg>
<doc>Verifies button ``locator`` is found from current page.</doc>
<msg timestamp="20220327 01:44:36.585" level="INFO">Current page contains button '//*[@id="logout"]'.</msg>
<status status="PASS" starttime="20220327 01:44:36.566" endtime="20220327 01:44:36.585"/>
</kw>
<status status="PASS" starttime="20220327 01:44:36.565" endtime="20220327 01:44:36.585"/>
</kw>
<kw name="Sleep" library="BuiltIn">
<arg>1s</arg>
<doc>Pauses the test executed for the given time.</doc>
<msg timestamp="20220327 01:44:37.586" level="INFO">Slept 1 second</msg>
<status status="PASS" starttime="20220327 01:44:36.585" endtime="20220327 01:44:37.587"/>
</kw>
<status status="PASS" starttime="20220327 01:44:36.316" endtime="20220327 01:44:37.587"/>
</kw>
<kw name="Then User Can Complete Booking" library="keywords">
<kw name="Verify On Booking Page" library="keywords">
<kw name="Location Should Be" library="SeleniumLibrary">
<arg>${URLBOOKING}</arg>
<doc>Verifies that the current URL is exactly ``url``.</doc>
<msg timestamp="20220327 01:44:37.594" level="INFO">Current location is 'http://rental13.infotiv.net/webpage/html/gui/index.php'.</msg>
<status status="PASS" starttime="20220327 01:44:37.589" endtime="20220327 01:44:37.594"/>
</kw>
<status status="PASS" starttime="20220327 01:44:37.588" endtime="20220327 01:44:37.595"/>
</kw>
<kw name="Click Element" library="SeleniumLibrary">
<arg>//*[@id="continue"]</arg>
<doc>Click the element identified by ``locator``.</doc>
<msg timestamp="20220327 01:44:37.595" level="INFO">Clicking element '//*[@id="continue"]'.</msg>
<status status="PASS" starttime="20220327 01:44:37.595" endtime="20220327 01:44:37.680"/>
</kw>
<kw name="Click Button" library="SeleniumLibrary">
<arg>//*[@id="bookQ7pass7"]</arg>
<doc>Clicks the button identified by ``locator``.</doc>
<msg timestamp="20220327 01:44:37.681" level="INFO">Clicking button '//*[@id="bookQ7pass7"]'.</msg>
<status status="PASS" starttime="20220327 01:44:37.680" endtime="20220327 01:44:37.863"/>
</kw>
<kw name="Sleep" library="BuiltIn">
<arg>1s</arg>
<doc>Pauses the test executed for the given time.</doc>
<msg timestamp="20220327 01:44:38.864" level="INFO">Slept 1 second</msg>
<status status="PASS" starttime="20220327 01:44:37.863" endtime="20220327 01:44:38.865"/>
</kw>
<kw name="Input Card Details" library="keywords">
<kw name="Input Text" library="SeleniumLibrary">
<arg>//*[@id="cardNum"]</arg>
<arg>1234567891011121</arg>
<doc>Types the given ``text`` into the text field identified by ``locator``.</doc>
<msg timestamp="20220327 01:44:38.867" level="INFO">Typing text '1234567891011121' into text field '//*[@id="cardNum"]'.</msg>
<status status="PASS" starttime="20220327 01:44:38.866" endtime="20220327 01:44:38.933"/>
</kw>
<kw name="Input Text" library="SeleniumLibrary">
<arg>//*[@id="fullName"]</arg>
<arg>Tammy Tester</arg>
<doc>Types the given ``text`` into the text field identified by ``locator``.</doc>
<msg timestamp="20220327 01:44:38.933" level="INFO">Typing text 'Tammy Tester' into text field '//*[@id="fullName"]'.</msg>
<status status="PASS" starttime="20220327 01:44:38.933" endtime="20220327 01:44:38.967"/>
</kw>
<kw name="Input Text" library="SeleniumLibrary">
<arg>//*[@id="cvc"]</arg>
<arg>123</arg>
<doc>Types the given ``text`` into the text field identified by ``locator``.</doc>
<msg timestamp="20220327 01:44:38.967" level="INFO">Typing text '123' into text field '//*[@id="cvc"]'.</msg>
<status status="PASS" starttime="20220327 01:44:38.967" endtime="20220327 01:44:38.994"/>
</kw>
<kw name="Sleep" library="BuiltIn">
<arg>1s</arg>
<doc>Pauses the test executed for the given time.</doc>
<msg timestamp="20220327 01:44:39.996" level="INFO">Slept 1 second</msg>
<status status="PASS" starttime="20220327 01:44:38.994" endtime="20220327 01:44:39.996"/>
</kw>
<kw name="Click Button" library="SeleniumLibrary">
<arg>//*[@id="confirm"]</arg>
<doc>Clicks the button identified by ``locator``.</doc>
<msg timestamp="20220327 01:44:39.998" level="INFO">Clicking button '//*[@id="confirm"]'.</msg>
<status status="PASS" starttime="20220327 01:44:39.997" endtime="20220327 01:44:40.086"/>
</kw>
<status status="PASS" starttime="20220327 01:44:38.865" endtime="20220327 01:44:40.086"/>
</kw>
<kw name="Sleep" library="BuiltIn">
<arg>1s</arg>
<doc>Pauses the test executed for the given time.</doc>
<msg timestamp="20220327 01:44:41.088" level="INFO">Slept 1 second</msg>
<status status="PASS" starttime="20220327 01:44:40.086" endtime="20220327 01:44:41.088"/>
</kw>
<kw name="Verify Booking Is Completed" library="keywords">
<kw name="Wait Until Page Contains Element" library="SeleniumLibrary">
<arg>id:confirmMessage</arg>
<doc>Waits until the element ``locator`` appears on the current page.</doc>
<status status="PASS" starttime="20220327 01:44:41.089" endtime="20220327 01:44:41.104"/>
</kw>
<status status="PASS" starttime="20220327 01:44:41.088" endtime="20220327 01:44:41.105"/>
</kw>
<kw name="Sleep" library="BuiltIn">
<arg>1s</arg>
<doc>Pauses the test executed for the given time.</doc>
<msg timestamp="20220327 01:44:42.107" level="INFO">Slept 1 second</msg>
<status status="PASS" starttime="20220327 01:44:41.105" endtime="20220327 01:44:42.107"/>
</kw>
<kw name="To Clear Booking Item" library="keywords">
<kw name="Click Button" library="SeleniumLibrary">
<arg>//*[@id="mypage"]</arg>
<doc>Clicks the button identified by ``locator``.</doc>
<msg timestamp="20220327 01:44:42.109" level="INFO">Clicking button '//*[@id="mypage"]'.</msg>
<status status="PASS" starttime="20220327 01:44:42.109" endtime="20220327 01:44:42.205"/>
</kw>
<kw name="Verify On MyPage" library="keywords">
<kw name="Go To" library="SeleniumLibrary">
<arg>${URLMYPAGE}</arg>
<doc>Navigates the current browser window to the provided ``url``.</doc>
<msg timestamp="20220327 01:44:42.206" level="INFO">Opening url 'http://rental13.infotiv.net/webpage/html/gui/myPage.php'</msg>
<status status="PASS" starttime="20220327 01:44:42.206" endtime="20220327 01:44:42.243"/>
</kw>
<status status="PASS" starttime="20220327 01:44:42.206" endtime="20220327 01:44:42.244"/>
</kw>
<kw name="Wait Until Page Contains Element" library="SeleniumLibrary">
<arg>//*[@id="unBook1"]</arg>
<doc>Waits until the element ``locator`` appears on the current page.</doc>
<status status="PASS" starttime="20220327 01:44:42.244" endtime="20220327 01:44:42.251"/>
</kw>
<kw name="Click Button" library="SeleniumLibrary">
<arg>//*[@id="unBook1"]</arg>
<doc>Clicks the button identified by ``locator``.</doc>
<msg timestamp="20220327 01:44:42.252" level="INFO">Clicking button '//*[@id="unBook1"]'.</msg>
<status status="PASS" starttime="20220327 01:44:42.251" endtime="20220327 01:44:42.277"/>
</kw>
<kw name="Sleep" library="BuiltIn">
<arg>2s</arg>
<doc>Pauses the test executed for the given time.</doc>
<msg timestamp="20220327 01:44:44.279" level="INFO">Slept 2 seconds</msg>
<status status="PASS" starttime="20220327 01:44:42.277" endtime="20220327 01:44:44.280"/>
</kw>
<kw name="Handle Alert" library="SeleniumLibrary">
<arg>action=ACCEPT</arg>
<arg>timeout=2s</arg>
<doc>Handles the current alert and returns its message.</doc>
<msg timestamp="20220327 01:44:44.282" level="INFO">HANDLE::&lt;class 'datetime.timedelta'&gt;::0:00:02</msg>
<status status="PASS" starttime="20220327 01:44:44.280" endtime="20220327 01:44:44.287"/>
</kw>
<status status="PASS" starttime="20220327 01:44:42.108" endtime="20220327 01:44:44.287"/>
</kw>
<kw name="Sleep" library="BuiltIn">
<arg>1s</arg>
<doc>Pauses the test executed for the given time.</doc>
<msg timestamp="20220327 01:44:45.290" level="INFO">Slept 1 second</msg>
<status status="PASS" starttime="20220327 01:44:44.287" endtime="20220327 01:44:45.290"/>
</kw>
<kw name="Logout From Web Page" library="keywords">
<kw name="Click Button" library="SeleniumLibrary">
<arg>//*[@id="logout"]</arg>
<doc>Clicks the button identified by ``locator``.</doc>
<msg timestamp="20220327 01:44:45.291" level="INFO">Clicking button '//*[@id="logout"]'.</msg>
<status status="PASS" starttime="20220327 01:44:45.291" endtime="20220327 01:44:45.390"/>
</kw>
<status status="PASS" starttime="20220327 01:44:45.291" endtime="20220327 01:44:45.390"/>
</kw>
<status status="PASS" starttime="20220327 01:44:37.588" endtime="20220327 01:44:45.391"/>
</kw>
<doc>This test case verifies the navigation flow of the booking</doc>
<tag>VG_test</tag>
<status status="PASS" starttime="20220327 01:44:36.302" endtime="20220327 01:44:45.392"/>
</test>
<kw name="End Web Test" library="keywords" type="TEARDOWN">
<kw name="Close Browser" library="SeleniumLibrary">
<doc>Closes the current browser.</doc>
<status status="PASS" starttime="20220327 01:44:45.394" endtime="20220327 01:44:45.459"/>
</kw>
<status status="PASS" starttime="20220327 01:44:45.393" endtime="20220327 01:44:45.460"/>
</kw>
<doc>Some basic information about the whole test suite</doc>
<status status="PASS" starttime="20220327 01:44:33.346" endtime="20220327 01:44:45.460"/>
</suite>
<status status="PASS" starttime="20220327 01:44:33.339" endtime="20220327 01:44:45.461"/>
</suite>
<statistics>
<total>
<stat pass="12" fail="0" skip="0">All Tests</stat>
</total>
<tag>
<stat pass="1" fail="0" skip="0">Date Selection</stat>
<stat pass="10" fail="0" skip="0">Header</stat>
<stat pass="1" fail="0" skip="0">VG_test</stat>
</tag>
<suite>
<stat pass="12" fail="0" skip="0" id="s1" name="Tests">Tests</stat>
<stat pass="12" fail="0" skip="0" id="s1-s1" name="Webtest">Tests.Webtest</stat>
</suite>
</statistics>
<errors>
</errors>
</robot>
